<?xml version="1.0" encoding="UTF-8"?>
<!-- Generated by org.testng.reporters.JUnitReportReporter -->
<testsuite skipped="0" hostname="FGV07H2" name="com.sample.dl.bdd.cucumber.UI.runner.UIRunner" tests="1" failures="0" timestamp="2020-09-01T21:16:58 ICT" time="11.584" errors="0">
  <testcase name="runScenario" time="11.584" classname="com.sample.dl.bdd.cucumber.UI.runner.UIRunner"/>
  <system-out/>
</testsuite> <!-- com.sample.dl.bdd.cucumber.UI.runner.UIRunner -->
