<?xml version="1.0" encoding="UTF-8"?>
<!-- Generated by org.testng.reporters.JUnitReportReporter -->
<testsuite skipped="0" hostname="FGV07H2" name="com.sample.dl.bdd.cucumber.UI.runner.UIRunner" tests="1" failures="0" timestamp="02 Sep 2020 19:19:23 GMT" time="8.318" errors="0">
  <testcase name="runScenario" time="8.318" classname="com.sample.dl.bdd.cucumber.UI.runner.UIRunner"/>
</testsuite> <!-- com.sample.dl.bdd.cucumber.UI.runner.UIRunner -->
